<?xml version="1.0" encoding="UTF-8"?>
<!-- Generated by org.testng.reporters.JUnitXMLReporter -->
<testsuite hostname="PC039ZCQ" ignored="1" name="Test" tests="2" failures="0" timestamp="2020-09-12T21:28:46 PDT" time="0.102" errors="0">
  <testcase name="@BeforeSuite setup" time="0.015" classname="Test.BaseTest">
    <failure type="java.lang.NullPointerException">
      <![CDATA[java.lang.NullPointerException
at Test.BaseTest.setup(BaseTest.java:40)
... Removed 19 stack frames]]>
    </failure>
  </testcase> <!-- @BeforeSuite setup -->
  <testcase name="loginWithValidTest" time="0.0" classname="Test.LoginTest">
    <skipped/>
  </testcase> <!-- loginWithValidTest -->
  <testcase name="userTest" time="0.0" classname="Test.UserTest">
    <skipped/>
  </testcase> <!-- userTest -->
  <testcase name="@BeforeSuite setup" time="0.0" classname="Test.BaseTest">
    <ignored/>
  </testcase> <!-- @BeforeSuite setup -->
</testsuite> <!-- Test -->
